<?xml version="1.0" encoding="UTF-8"?>
<!-- Generated by org.testng.reporters.JUnitXMLReporter -->
<testsuite ignored="0" hostname="DESKTOP-ID3D3IL" failures="0" tests="2" name="Default test" time="0.154" errors="0" timestamp="2022-05-09T20:42:42 IST">
  <testcase classname="testngdiscussionpractice.AnnotationsTestngPractice" name="logintest" time="0.019"/>
  <testcase classname="testngdiscussionpractice.AnnotationsTestngPractice" name="logouttest" time="0.005"/>
</testsuite> <!-- Default test -->
