<?xml version="1.0" encoding="UTF-8"?>
<!-- Generated by org.testng.reporters.JUnitXMLReporter -->
<testsuite ignored="0" hostname="DESKTOP-ID3D3IL" failures="0" tests="5" name="Test" time="0.15" errors="0" timestamp="2022-05-09T20:39:09 IST">
  <testcase classname="testngdiscussionpractice.TestClass1Practice" name="dashboard" time="0.011"/>
  <testcase classname="testngdiscussionpractice.TestClass1Practice" name="login" time="0.005"/>
  <testcase classname="testngdiscussionpractice.TestClass2Practice" name="home" time="0.004"/>
  <testcase classname="testngdiscussionpractice.TestClass2Practice" name="logout" time="0.005"/>
  <testcase classname="testngdiscussionpractice.TestClass2Practice" name="profile" time="0.004"/>
</testsuite> <!-- Test -->
