<?xml version="1.0" encoding="UTF-8"?>
<testng-results ignored="0" total="2" passed="2" failed="0" skipped="0">
  <reporter-output>
  </reporter-output>
  <suite started-at="2022-05-09T20:42:42 IST" name="Default suite" finished-at="2022-05-09T20:42:42 IST" duration-ms="154">
    <groups>
    </groups>
    <test started-at="2022-05-09T20:42:42 IST" name="Default test" finished-at="2022-05-09T20:42:42 IST" duration-ms="154">
      <class name="testngdiscussionpractice.AnnotationsTestngPractice">
        <test-method is-config="true" signature="beforesuite()[pri:0, instance:testngdiscussionpractice.AnnotationsTestngPractice@57cf54e1]" started-at="2022-05-09T20:42:42 IST" name="beforesuite" finished-at="2022-05-09T20:42:42 IST" duration-ms="26" status="PASS">
          <reporter-output>
          </reporter-output>
        </test-method> <!-- beforesuite -->
        <test-method is-config="true" signature="beforeTest()[pri:0, instance:testngdiscussionpractice.AnnotationsTestngPractice@57cf54e1]" started-at="2022-05-09T20:42:42 IST" name="beforeTest" finished-at="2022-05-09T20:42:42 IST" duration-ms="2" status="PASS">
          <reporter-output>
          </reporter-output>
        </test-method> <!-- beforeTest -->
        <test-method is-config="true" signature="beforeclass()[pri:0, instance:testngdiscussionpractice.AnnotationsTestngPractice@57cf54e1]" started-at="2022-05-09T20:42:42 IST" name="beforeclass" finished-at="2022-05-09T20:42:42 IST" duration-ms="1" status="PASS">
          <reporter-output>
          </reporter-output>
        </test-method> <!-- beforeclass -->
        <test-method is-config="true" signature="bm()[pri:0, instance:testngdiscussionpractice.AnnotationsTestngPractice@57cf54e1]" started-at="2022-05-09T20:42:42 IST" name="bm" finished-at="2022-05-09T20:42:42 IST" duration-ms="2" status="PASS">
          <reporter-output>
          </reporter-output>
        </test-method> <!-- bm -->
        <test-method signature="logintest()[pri:0, instance:testngdiscussionpractice.AnnotationsTestngPractice@57cf54e1]" started-at="2022-05-09T20:42:42 IST" name="logintest" finished-at="2022-05-09T20:42:42 IST" duration-ms="19" status="PASS">
          <reporter-output>
          </reporter-output>
        </test-method> <!-- logintest -->
        <test-method is-config="true" signature="am()[pri:0, instance:testngdiscussionpractice.AnnotationsTestngPractice@57cf54e1]" started-at="2022-05-09T20:42:42 IST" name="am" finished-at="2022-05-09T20:42:42 IST" duration-ms="1" status="PASS">
          <reporter-output>
          </reporter-output>
        </test-method> <!-- am -->
        <test-method is-config="true" signature="bm()[pri:0, instance:testngdiscussionpractice.AnnotationsTestngPractice@57cf54e1]" started-at="2022-05-09T20:42:42 IST" name="bm" finished-at="2022-05-09T20:42:42 IST" duration-ms="1" status="PASS">
          <reporter-output>
          </reporter-output>
        </test-method> <!-- bm -->
        <test-method signature="logouttest()[pri:0, instance:testngdiscussionpractice.AnnotationsTestngPractice@57cf54e1]" started-at="2022-05-09T20:42:42 IST" name="logouttest" finished-at="2022-05-09T20:42:42 IST" duration-ms="5" status="PASS">
          <reporter-output>
          </reporter-output>
        </test-method> <!-- logouttest -->
        <test-method is-config="true" signature="am()[pri:0, instance:testngdiscussionpractice.AnnotationsTestngPractice@57cf54e1]" started-at="2022-05-09T20:42:42 IST" name="am" finished-at="2022-05-09T20:42:42 IST" duration-ms="2" status="PASS">
          <reporter-output>
          </reporter-output>
        </test-method> <!-- am -->
        <test-method is-config="true" signature="AfterClass()[pri:0, instance:testngdiscussionpractice.AnnotationsTestngPractice@57cf54e1]" started-at="2022-05-09T20:42:42 IST" name="AfterClass" finished-at="2022-05-09T20:42:42 IST" duration-ms="0" status="PASS">
          <reporter-output>
          </reporter-output>
        </test-method> <!-- AfterClass -->
        <test-method is-config="true" signature="AfterTest()[pri:0, instance:testngdiscussionpractice.AnnotationsTestngPractice@57cf54e1]" started-at="2022-05-09T20:42:42 IST" name="AfterTest" finished-at="2022-05-09T20:42:42 IST" duration-ms="0" status="PASS">
          <reporter-output>
          </reporter-output>
        </test-method> <!-- AfterTest -->
        <test-method is-config="true" signature="Aftersuite()[pri:0, instance:testngdiscussionpractice.AnnotationsTestngPractice@57cf54e1]" started-at="2022-05-09T20:42:42 IST" name="Aftersuite" finished-at="2022-05-09T20:42:42 IST" duration-ms="1" status="PASS">
          <reporter-output>
          </reporter-output>
        </test-method> <!-- Aftersuite -->
      </class> <!-- testngdiscussionpractice.AnnotationsTestngPractice -->
    </test> <!-- Default test -->
  </suite> <!-- Default suite -->
</testng-results>
